# JRE version: OpenJDK Runtime Environment Corretto-17.0.17.10.1 (17.0.17+10) (build 17.0.17+10-LTS)
# Java VM: OpenJDK 64-Bit Server VM Corretto-17.0.17.10.1 (17.0.17+10-LTS, mixed mode, sharing, tiered, compressed oops, compressed class ptrs, g1 gc, windows-amd64)
GC Precious Log:
 CPUs: 12 total, 12 available
 Memory: 16237M
 Large Page Support: Disabled
 NUMA Support: Disabled
 Compressed Oops: Enabled (32-bit)
 Heap Region Size: 1M
 Heap Min Capacity: 256M
 Heap Initial Capacity: 256M
 Heap Max Capacity: 512M
 Pre-touch: Disabled
 Parallel Workers: 10
 Concurrent Workers: 3
 Concurrent Refinement Workers: 10
 Periodic GC: Disabled
Heap:
 garbage-first heap   total 262144K, used 147693K [0x00000000e0000000, 0x0000000100000000)
  region size 1024K, 115 young (117760K), 10 survivors (10240K)
 Metaspace       used 48301K, committed 48960K, reserved 393216K
  class space    used 6851K, committed 7168K, reserved 327680K
GC Heap History (16 events):
Event: 0.259 GC heap before
{Heap before GC invocations=0 (full 0):
 garbage-first heap   total 262144K, used 22528K [0x00000000e0000000, 0x0000000100000000)
  region size 1024K, 23 young (23552K), 0 survivors (0K)
 Metaspace       used 1070K, committed 1216K, reserved 393216K
  class space    used 78K, committed 128K, reserved 327680K
}
Event: 0.260 GC heap after
{Heap after GC invocations=1 (full 0):
 garbage-first heap   total 262144K, used 2154K [0x00000000e0000000, 0x0000000100000000)
  region size 1024K, 3 young (3072K), 3 survivors (3072K)
 Metaspace       used 1070K, committed 1216K, reserved 393216K
  class space    used 78K, committed 128K, reserved 327680K
}
Event: 0.592 GC heap before
{Heap before GC invocations=1 (full 0):
 garbage-first heap   total 262144K, used 39018K [0x00000000e0000000, 0x0000000100000000)
  region size 1024K, 37 young (37888K), 3 survivors (3072K)
 Metaspace       used 4549K, committed 4736K, reserved 393216K
  class space    used 576K, committed 640K, reserved 327680K
}
Event: 0.594 GC heap after
{Heap after GC invocations=2 (full 0):
 garbage-first heap   total 262144K, used 10680K [0x00000000e0000000, 0x0000000100000000)
  region size 1024K, 5 young (5120K), 5 survivors (5120K)
 Metaspace       used 4549K, committed 4736K, reserved 393216K
  class space    used 576K, committed 640K, reserved 327680K
}
Event: 0.883 GC heap before
{Heap before GC invocations=2 (full 0):
 garbage-first heap   total 262144K, used 61880K [0x00000000e0000000, 0x0000000100000000)
  region size 1024K, 53 young (54272K), 5 survivors (5120K)
 Metaspace       used 5029K, committed 5184K, reserved 393216K
  class space    used 647K, committed 704K, reserved 327680K
}
Event: 0.885 GC heap after
{Heap after GC invocations=3 (full 0):
 garbage-first heap   total 262144K, used 16245K [0x00000000e0000000, 0x0000000100000000)
  region size 1024K, 5 young (5120K), 5 survivors (5120K)
 Metaspace       used 5029K, committed 5184K, reserved 393216K
  class space    used 647K, committed 704K, reserved 327680K
}
Event: 1.788 GC heap before
{Heap before GC invocations=3 (full 0):
 garbage-first heap   total 262144K, used 119669K [0x00000000e0000000, 0x0000000100000000)
  region size 1024K, 105 young (107520K), 5 survivors (5120K)
 Metaspace       used 21209K, committed 21504K, reserved 393216K
  class space    used 2964K, committed 3136K, reserved 327680K
}
Event: 1.792 GC heap after
{Heap after GC invocations=4 (full 0):
 garbage-first heap   total 262144K, used 22874K [0x00000000e0000000, 0x0000000100000000)
  region size 1024K, 11 young (11264K), 11 survivors (11264K)
 Metaspace       used 21209K, committed 21504K, reserved 393216K
  class space    used 2964K, committed 3136K, reserved 327680K
}
Event: 2.712 GC heap before
{Heap before GC invocations=5 (full 0):
 garbage-first heap   total 262144K, used 135514K [0x00000000e0000000, 0x0000000100000000)
  region size 1024K, 123 young (125952K), 11 survivors (11264K)
 Metaspace       used 35438K, committed 35968K, reserved 393216K
  class space    used 4999K, committed 5248K, reserved 327680K
}
Event: 2.719 GC heap after
{Heap after GC invocations=6 (full 0):
 garbage-first heap   total 262144K, used 30341K [0x00000000e0000000, 0x0000000100000000)
  region size 1024K, 14 young (14336K), 14 survivors (14336K)
 Metaspace       used 35438K, committed 35968K, reserved 393216K
  class space    used 4999K, committed 5248K, reserved 327680K
}
Event: 2.729 GC heap before
{Heap before GC invocations=6 (full 0):
 garbage-first heap   total 262144K, used 31365K [0x00000000e0000000, 0x0000000100000000)
  region size 1024K, 15 young (15360K), 14 survivors (14336K)
 Metaspace       used 35562K, committed 36160K, reserved 393216K
  class space    used 5021K, committed 5312K, reserved 327680K
}
Event: 2.735 GC heap after
{Heap after GC invocations=7 (full 0):
 garbage-first heap   total 262144K, used 31412K [0x00000000e0000000, 0x0000000100000000)
  region size 1024K, 2 young (2048K), 2 survivors (2048K)
 Metaspace       used 35562K, committed 36160K, reserved 393216K
  class space    used 5021K, committed 5312K, reserved 327680K
}
Event: 2.747 GC heap before
{Heap before GC invocations=7 (full 0):
 garbage-first heap   total 262144K, used 32436K [0x00000000e0000000, 0x0000000100000000)
  region size 1024K, 4 young (4096K), 2 survivors (2048K)
 Metaspace       used 35770K, committed 36288K, reserved 393216K
  class space    used 5053K, committed 5312K, reserved 327680K
}
Event: 2.748 GC heap after
{Heap after GC invocations=8 (full 0):
 garbage-first heap   total 262144K, used 29962K [0x00000000e0000000, 0x0000000100000000)
  region size 1024K, 1 young (1024K), 1 survivors (1024K)
 Metaspace       used 35770K, committed 36288K, reserved 393216K
  class space    used 5053K, committed 5312K, reserved 327680K
}
Event: 3.565 GC heap before
{Heap before GC invocations=9 (full 0):
 garbage-first heap   total 262144K, used 186634K [0x00000000e0000000, 0x0000000100000000)
  region size 1024K, 153 young (156672K), 1 survivors (1024K)
 Metaspace       used 44504K, committed 45248K, reserved 393216K
  class space    used 6434K, committed 6784K, reserved 327680K
}
Event: 3.569 GC heap after
{Heap after GC invocations=10 (full 0):
 garbage-first heap   total 262144K, used 41197K [0x00000000e0000000, 0x0000000100000000)
  region size 1024K, 10 young (10240K), 10 survivors (10240K)
 Metaspace       used 44504K, committed 45248K, reserved 393216K
  class space    used 6434K, committed 6784K, reserved 327680K
}

